Black_SDK接入/丫丫玩SDK/yayawansdk3.14.2/SDKyywdemo/proguard/seeds.txt
com.yywan.demo.R$dimen: int accountmanager_title_size
com.yywan.demo.R$dimen: int icon_size
com.yywan.demo.R$drawable: int ic_launcher
com.yywan.demo.R$string: int content_description_icon
com.yywan.demo.R$string: int refresh
com.yywan.demo.R$string: int yaya_about
com.yywan.demo.R$string: int yaya_aboutyayawan
com.yywan.demo.R$string: int yaya_accountmanager
com.yywan.demo.R$string: int yaya_activity
com.yywan.demo.R$string: int yaya_bbs
com.yywan.demo.R$string: int yaya_bindcard
com.yywan.demo.R$string: int yaya_bindphone
com.yywan.demo.R$string: int yaya_cashname
com.yywan.demo.R$string: int yaya_cashnum
com.yywan.demo.R$string: int yaya_changebank
com.yywan.demo.R$string: int yaya_changepassword
com.yywan.demo.R$string: int yaya_changepaymethod
com.yywan.demo.R$string: int yaya_changeuser
com.yywan.demo.R$string: int yaya_choosemethod
com.yywan.demo.R$string: int yaya_creditnum
com.yywan.demo.R$string: int yaya_creditphone
com.yywan.demo.R$string: int yaya_currentpassword
com.yywan.demo.R$string: int yaya_download
com.yywan.demo.R$string: int yaya_email
com.yywan.demo.R$string: int yaya_feedback
com.yywan.demo.R$string: int yaya_findpassword
com.yywan.demo.R$string: int yaya_forgetpassword
com.yywan.demo.R$string: int yaya_gamebbs
com.yywan.demo.R$string: int yaya_gamedata
com.yywan.demo.R$string: int yaya_gamestrategy
com.yywan.demo.R$string: int yaya_getsecurity
com.yywan.demo.R$string: int yaya_giftendtime
com.yywan.demo.R$string: int yaya_giftinfo
com.yywan.demo.R$string: int yaya_giftinstruction
com.yywan.demo.R$string: int yaya_giftkey
com.yywan.demo.R$string: int yaya_giftstarttime
com.yywan.demo.R$style: int AppBaseTheme
com.yywan.demo.R$style: int AppTheme
...
com.yayawan.sdk.account.widget.LoadingDialog
com.yayawan.sdk.account.widget.LoadingDialog: android.content.Context a
com.yayawan.sdk.account.widget.LoadingDialog: android.view.LayoutInflater b
com.yayawan.sdk.account.widget.LoadingDialog: android.view.WindowManager$LayoutParams c
com.yayawan.sdk.account.widget.LoadingDialog: android.widget.TextView d
com.yayawan.sdk.account.widget.LoadingDialog: android.widget.ProgressBar e
com.yayawan.sdk.account.widget.LoadingDialog: LoadingDialog(android.content.Context)
com.yayawan.sdk.account.widget.LoadingDialog: void setLoadText(java.lang.String)
com.yayawan.sdk.account.widget.LoadingDialog: void setMax(int)
com.yayawan.sdk.account.widget.LoadingDialog: void setProgress(int)
com.yayawan.sdk.animation.engine.ObtainData
com.yayawan.sdk.animation.engine.ObtainData: ObtainData()
com.yayawan.sdk.animation.engine.ObtainData: void active(android.content.Context)
com.yayawan.sdk.animation.engine.ObtainData: boolean newactive(android.content.Context)
com.yayawan.sdk.asynchttp.AsyncHttpConnection
com.yayawan.sdk.asynchttp.AsyncHttpConnection: java.lang.String a
com.yayawan.sdk.asynchttp.AsyncHttpConnection: AsyncHttpConnection()
com.yayawan.sdk.asynchttp.AsyncHttpConnection: com.yayawan.sdk.asynchttp.AsyncHttpConnection getInstance()
com.yayawan.sdk.asynchttp.AsyncHttpConnection: void get(java.lang.String,com.yayawan.sdk.asynchttp.ResponseCallback)
com.yayawan.sdk.asynchttp.AsyncHttpConnection: void get(java.lang.String,com.yayawan.sdk.asynchttp.support.ParamsWrapper,com.yayawan.sdk.asynchttp.ResponseCallback)
com.yayawan.sdk.asynchttp.AsyncHttpConnection: void post(java.lang.String,com.yayawan.sdk.asynchttp.support.ParamsWrapper,com.yayawan.sdk.asynchttp.ResponseCallback)
com.yayawan.sdk.asynchttp.AsyncHttpConnection: void Opost(java.lang.String,com.yayawan.sdk.asynchttp.support.ParamsWrapper,com.yayawan.sdk.asynchttp.ResponseCallback)
com.yayawan.sdk.asynchttp.AsyncHttpConnection: void Oget(java.lang.String,com.yayawan.sdk.asynchttp.support.ParamsWrapper,com.yayawan.sdk.asynchttp.ResponseCallback)
com.yayawan.sdk.asynchttp.ResponseCallback
com.yayawan.sdk.asynchttp.ResponseCallback: void onResponse(java.net.CookieStore,java.io.InputStream,java.net.URL,int)
com.yayawan.sdk.asynchttp.ResponseCallback: void onResponse(java.net.CookieStore,java.lang.String,java.net.URL,int)
com.yayawan.sdk.asynchttp.ResponseCallback: void onFailure(java.lang.String,java.net.URL,int)
com.yayawan.sdk.asynchttp.StringResponseHandler
com.yayawan.sdk.asynchttp.StringResponseHandler: java.net.CookieStore cookieStore
com.yayawan.sdk.asynchttp.StringResponseHandler: StringResponseHandler()
com.yayawan.sdk.asynchttp.StringResponseHandler: void onResponse(java.net.CookieStore,java.io.InputStream,java.net.URL,int)
com.yayawan.sdk.asynchttp.StringResponseHandler: void onResponse(java.net.CookieStore,java.lang.String,java.net.URL,int)
com.yayawan.sdk.asynchttp.StringResponseHandler: void onResponse(java.lang.String,java.net.URL,int)
com.yayawan.sdk.asynchttp.a
com.yayawan.sdk.asynchttp.a: com.yayawan.sdk.asynchttp.AsyncHttpConnection a
com.yayawan.sdk.asynchttp.a: java.lang.String b
com.yayawan.sdk.asynchttp.a: com.yayawan.sdk.asynchttp.support.ParamsWrapper c
com.yayawan.sdk.asynchttp.a: com.yayawan.sdk.asynchttp.ResponseCallback d
com.yayawan.sdk.asynchttp.a: a(com.yayawan.sdk.asynchttp.AsyncHttpConnection,java.lang.String,com.yayawan.sdk.asynchttp.support.ParamsWrapper,com.yayawan.sdk.asynchttp.ResponseCallback)
com.yayawan.sdk.asynchttp.a: void run()