Black_SDK接入/丫丫玩SDK/yayawansdk3.14.2/SDKyywdemo/proguard/mapping.txt
com.yayawan.sdk.jfpay.aM -> com.yayawan.sdk.jfpay.aM:
    com.yayawan.sdk.jfpay.XinyongkapayDialog a -> a
    void onClick(android.view.View) -> onClick
com.yayawan.sdk.jfpay.aN -> com.yayawan.sdk.jfpay.aN:
    android.app.Activity a -> a
    void onClick(android.view.View) -> onClick
com.yayawan.sdk.jfpay.aO -> com.yayawan.sdk.jfpay.aO:
    void onDismiss(android.content.DialogInterface) -> onDismiss
com.yayawan.sdk.jfpay.aP -> com.yayawan.sdk.jfpay.aP:
    com.yayawan.sdk.jfpay.XinyongkapayDialog a -> a
    void onClick(android.view.View) -> onClick
    com.yayawan.sdk.jfpay.XinyongkapayDialog a(com.yayawan.sdk.jfpay.aP) -> a
com.yayawan.sdk.jfpay.aQ -> com.yayawan.sdk.jfpay.aQ:
    com.yayawan.sdk.jfpay.aP a -> a
    void run() -> run
com.yayawan.sdk.jfpay.aR -> com.yayawan.sdk.jfpay.aR:
    com.yayawan.sdk.jfpay.XinyongkapayDialog a -> a
    void run() -> run
com.yayawan.sdk.jfpay.aS -> com.yayawan.sdk.jfpay.aS:
    com.yayawan.sdk.jfpay.XinyongkapayDialog a -> a
    void onReceived(java.lang.String) -> onReceived
com.yayawan.sdk.jfpay.aT -> com.yayawan.sdk.jfpay.aT:
    android.widget.TextView a -> a
    android.widget.ImageView b -> b
com.yayawan.sdk.jfpay.aU -> com.yayawan.sdk.jfpay.aU:
    com.yayawan.sdk.jfpay.Yayapaymain_jf a -> a
    void handleMessage(android.os.Message) -> handleMessage
    com.yayawan.sdk.jfpay.Yayapaymain_jf a(com.yayawan.sdk.jfpay.aU) -> a
com.yayawan.sdk.jfpay.aV -> com.yayawan.sdk.jfpay.aV:
    com.yayawan.sdk.jfpay.aU a -> a
    void onClick(android.view.View) -> onClick
    com.yayawan.sdk.jfpay.aU a(com.yayawan.sdk.jfpay.aV) -> a
com.yayawan.sdk.jfpay.aW -> com.yayawan.sdk.jfpay.aW:
    com.yayawan.sdk.jfpay.aV a -> a
    void run() -> run
com.yayawan.sdk.jfpay.aX -> com.yayawan.sdk.jfpay.aX:
    com.yayawan.sdk.jfpay.aU a -> a
    void run() -> run
com.yayawan.sdk.jfpay.aY -> com.yayawan.sdk.jfpay.aY:
    com.yayawan.sdk.jfpay.Yayapaymain_jf a -> a
    void onClick(android.view.View) -> onClick
com.yayawan.sdk.jfpay.aZ -> com.yayawan.sdk.jfpay.aZ:
    com.yayawan.sdk.jfpay.aY a -> a
    void onClick(android.view.View) -> onClick
com.yayawan.sdk.jfpay.aa -> com.yayawan.sdk.jfpay.aa:
    com.yayawan.sdk.jfpay.Otherpaydialog a -> a
    android.app.Activity b -> b
    void onItemClick(android.widget.AdapterView,android.view.View,int,long) -> onItemClick
com.yayawan.sdk.jfpay.ab -> com.yayawan.sdk.jfpay.ab:
    void onDismiss(android.content.DialogInterface) -> onDismiss
com.yayawan.sdk.jfpay.ac -> com.yayawan.sdk.jfpay.ac:
    com.yayawan.sdk.jfpay.Otherpaydialog a -> a
    void onClick(android.view.View) -> onClick
    com.yayawan.sdk.jfpay.Otherpaydialog a(com.yayawan.sdk.jfpay.ac) -> a
com.yayawan.sdk.jfpay.ad -> com.yayawan.sdk.jfpay.ad:
    com.yayawan.sdk.jfpay.ac a -> a
    void run() -> run
com.yayawan.sdk.jfpay.ae -> com.yayawan.sdk.jfpay.ae:
    android.widget.TextView a -> a
    android.widget.ImageView b -> b
com.yayawan.sdk.jfpay.af -> com.yayawan.sdk.jfpay.af:
    com.yayawan.sdk.jfpay.Payment_jf a -> a
    void handleMessage(android.os.Message) -> handleMessage
com.yayawan.sdk.jfpay.ag -> com.yayawan.sdk.jfpay.ag:
    com.yayawan.sdk.jfpay.Payment_jf a -> a
    void onClick(android.view.View) -> onClick
com.yayawan.sdk.jfpay.ah -> com.yayawan.sdk.jfpay.ah:
    com.yayawan.sdk.jfpay.Payment_jf a -> a
    boolean onJsAlert(android.webkit.WebView,java.lang.String,java.lang.String,android.webkit.JsResult) -> onJsAlert
    void onReceivedTitle(android.webkit.WebView,java.lang.String) -> onReceivedTitle
    void onExceededDatabaseQuota(java.lang.String,java.lang.String,long,long,long,android.webkit.WebStorage$QuotaUpdater) -> onExceededDatabaseQuota
    void onConsoleMessage(java.lang.String,int,java.lang.String) -> onConsoleMessage
    boolean onConsoleMessage(android.webkit.ConsoleMessage) -> onConsoleMessage
    void onProgressChanged(android.webkit.WebView,int) -> onProgressChanged